<?xml version="1.0" encoding="UTF-8"?>
<!-- Generated by org.testng.reporters.JUnitReportReporter -->
<testsuite hostname="DESKTOP-MEL0TQP" failures="0" tests="1" name="TestNG_Parallel.amazon" time="8.597" errors="0" timestamp="2023-10-12T21:38:42 IST" skipped="0">
  <testcase classname="TestNG_Parallel.amazon" name="amz" time="8.597"/>
</testsuite> <!-- TestNG_Parallel.amazon -->
