<?xml version="1.0" encoding="UTF-8"?>
<!-- Generated by org.testng.reporters.JUnitReportReporter -->
<testsuite hostname="DESKTOP-MEL0TQP" failures="0" tests="1" name="TestNG_Sequential.amazon" time="8.361" errors="0" timestamp="2023-10-12T21:39:28 IST" skipped="0">
  <testcase classname="TestNG_Sequential.amazon" name="amz" time="8.361"/>
</testsuite> <!-- TestNG_Sequential.amazon -->
